running develop
running egg_info
creating rpi_robot_py.egg-info
writing rpi_robot_py.egg-info/PKG-INFO
writing dependency_links to rpi_robot_py.egg-info/dependency_links.txt
writing entry points to rpi_robot_py.egg-info/entry_points.txt
writing requirements to rpi_robot_py.egg-info/requires.txt
writing top-level names to rpi_robot_py.egg-info/top_level.txt
writing manifest file 'rpi_robot_py.egg-info/SOURCES.txt'
reading manifest file 'rpi_robot_py.egg-info/SOURCES.txt'
writing manifest file 'rpi_robot_py.egg-info/SOURCES.txt'
running build_ext
Creating /home/ubuntu/ros2_ws/src/install/rpi_robot_py/lib/python3.6/site-packages/site.py
Creating /home/ubuntu/ros2_ws/src/install/rpi_robot_py/lib/python3.6/site-packages/rpi-robot-py.egg-link (link to .)
Installing human_sensor script to /home/ubuntu/ros2_ws/src/install/rpi_robot_py/lib/rpi_robot_py
Installing servo script to /home/ubuntu/ros2_ws/src/install/rpi_robot_py/lib/rpi_robot_py

Installed /home/ubuntu/ros2_ws/src/build/rpi_robot_py
running install_data
creating /home/ubuntu/ros2_ws/src/install/rpi_robot_py/share/ament_index
creating /home/ubuntu/ros2_ws/src/install/rpi_robot_py/share/ament_index/resource_index
creating /home/ubuntu/ros2_ws/src/install/rpi_robot_py/share/ament_index/resource_index/packages
copying resource/rpi_robot_py -> /home/ubuntu/ros2_ws/src/install/rpi_robot_py/share/ament_index/resource_index/packages
copying package.xml -> /home/ubuntu/ros2_ws/src/install/rpi_robot_py/share/rpi_robot_py
