[0.665s] DEBUG:colcon:Command line arguments: ['/usr/bin/colcon', 'build', '--symlink-install']
[0.665s] DEBUG:colcon:Parsed command line arguments: Namespace(ament_cmake_args=None, base_paths='.', build_base='build', catkin_cmake_args=None, catkin_skip_building_tests=False, cmake_args=None, cmake_clean_cache=False, cmake_clean_first=False, cmake_force_configure=False, cmake_target=None, cmake_target_skip_unavailable=False, continue_on_error=False, event_handlers=None, executor='parallel', ignore_user_meta=False, install_base='install', log_base='log', log_level=None, main=<bound method BuildVerb.main of <colcon_core.verb.build.BuildVerb object at 0x7f83399c50>>, merge_install=False, metas='./colcon.meta', packages_above=None, packages_above_depth=None, packages_end=None, packages_ignore=None, packages_ignore_regex=None, packages_select=None, packages_select_build_failed=False, packages_select_by_dep=None, packages_select_regex=None, packages_select_test_failures=False, packages_skip=None, packages_skip_build_finished=False, packages_skip_by_dep=None, packages_skip_regex=None, packages_skip_test_passed=False, packages_skip_up_to=None, packages_start=None, packages_up_to=None, parallel_workers=4, paths=None, symlink_install=True, test_result_base=None, verb_extension=<colcon_core.verb.build.BuildVerb object at 0x7f83399c50>, verb_name='build', verb_parser=<colcon_defaults.argument_parser.defaults.DefaultArgumentsDecorator object at 0x7f83399f60>)
[0.837s] Level 1:colcon.colcon_core.package_discovery:discover_packages(colcon_meta) check parameters
[0.839s] Level 1:colcon.colcon_core.package_discovery:discover_packages(recursive) check parameters
[0.839s] Level 1:colcon.colcon_core.package_discovery:discover_packages(ignore) check parameters
[0.839s] Level 1:colcon.colcon_core.package_discovery:discover_packages(path) check parameters
[0.839s] Level 1:colcon.colcon_core.package_discovery:discover_packages(recursive) discover
[0.840s] INFO:colcon.colcon_core.package_discovery:Crawling recursively for packages in '/home/ubuntu/ros2_ws/src'
[0.841s] Level 1:colcon.colcon_core.package_identification:_identify(/home/ubuntu/ros2_ws/src) by extensions ['ignore', 'ignore_ament_install']
[0.841s] Level 1:colcon.colcon_core.package_identification:_identify(/home/ubuntu/ros2_ws/src) by extension 'ignore'
[0.842s] Level 1:colcon.colcon_core.package_identification:_identify(/home/ubuntu/ros2_ws/src) by extension 'ignore_ament_install'
[0.842s] Level 1:colcon.colcon_core.package_identification:_identify(/home/ubuntu/ros2_ws/src) by extensions ['colcon_pkg']
[0.843s] Level 1:colcon.colcon_core.package_identification:_identify(/home/ubuntu/ros2_ws/src) by extension 'colcon_pkg'
[0.843s] Level 1:colcon.colcon_core.package_identification:_identify(/home/ubuntu/ros2_ws/src) by extensions ['colcon_meta']
[0.843s] Level 1:colcon.colcon_core.package_identification:_identify(/home/ubuntu/ros2_ws/src) by extension 'colcon_meta'
[0.844s] Level 1:colcon.colcon_core.package_identification:_identify(/home/ubuntu/ros2_ws/src) by extensions ['ros']
[0.844s] Level 1:colcon.colcon_core.package_identification:_identify(/home/ubuntu/ros2_ws/src) by extension 'ros'
[0.902s] Level 1:colcon.colcon_core.package_identification:_identify(/home/ubuntu/ros2_ws/src) by extensions ['cmake', 'python']
[0.903s] Level 1:colcon.colcon_core.package_identification:_identify(/home/ubuntu/ros2_ws/src) by extension 'cmake'
[0.903s] Level 1:colcon.colcon_core.package_identification:_identify(/home/ubuntu/ros2_ws/src) by extension 'python'
[0.904s] Level 1:colcon.colcon_core.package_identification:_identify(/home/ubuntu/ros2_ws/src) by extensions ['python_setup_py']
[0.904s] Level 1:colcon.colcon_core.package_identification:_identify(/home/ubuntu/ros2_ws/src) by extension 'python_setup_py'
[0.905s] Level 1:colcon.colcon_core.package_identification:_identify(/home/ubuntu/ros2_ws/src/build) by extensions ['ignore', 'ignore_ament_install']
[0.905s] Level 1:colcon.colcon_core.package_identification:_identify(/home/ubuntu/ros2_ws/src/build) by extension 'ignore'
[0.905s] Level 1:colcon.colcon_core.package_identification:_identify(/home/ubuntu/ros2_ws/src/build) ignored
[0.907s] Level 1:colcon.colcon_core.package_identification:_identify(/home/ubuntu/ros2_ws/src/install) by extensions ['ignore', 'ignore_ament_install']
[0.908s] Level 1:colcon.colcon_core.package_identification:_identify(/home/ubuntu/ros2_ws/src/install) by extension 'ignore'
[0.908s] Level 1:colcon.colcon_core.package_identification:_identify(/home/ubuntu/ros2_ws/src/install) ignored
[0.908s] Level 1:colcon.colcon_core.package_identification:_identify(/home/ubuntu/ros2_ws/src/log) by extensions ['ignore', 'ignore_ament_install']
[0.909s] Level 1:colcon.colcon_core.package_identification:_identify(/home/ubuntu/ros2_ws/src/log) by extension 'ignore'
[0.909s] Level 1:colcon.colcon_core.package_identification:_identify(/home/ubuntu/ros2_ws/src/log) ignored
[0.909s] Level 1:colcon.colcon_core.package_identification:_identify(/home/ubuntu/ros2_ws/src/rpi_robot_py) by extensions ['ignore', 'ignore_ament_install']
[0.910s] Level 1:colcon.colcon_core.package_identification:_identify(/home/ubuntu/ros2_ws/src/rpi_robot_py) by extension 'ignore'
[0.910s] Level 1:colcon.colcon_core.package_identification:_identify(/home/ubuntu/ros2_ws/src/rpi_robot_py) by extension 'ignore_ament_install'
[0.911s] Level 1:colcon.colcon_core.package_identification:_identify(/home/ubuntu/ros2_ws/src/rpi_robot_py) by extensions ['colcon_pkg']
[0.911s] Level 1:colcon.colcon_core.package_identification:_identify(/home/ubuntu/ros2_ws/src/rpi_robot_py) by extension 'colcon_pkg'
[0.911s] Level 1:colcon.colcon_core.package_identification:_identify(/home/ubuntu/ros2_ws/src/rpi_robot_py) by extensions ['colcon_meta']
[0.912s] Level 1:colcon.colcon_core.package_identification:_identify(/home/ubuntu/ros2_ws/src/rpi_robot_py) by extension 'colcon_meta'
[0.912s] Level 1:colcon.colcon_core.package_identification:_identify(/home/ubuntu/ros2_ws/src/rpi_robot_py) by extensions ['ros']
[0.912s] Level 1:colcon.colcon_core.package_identification:_identify(/home/ubuntu/ros2_ws/src/rpi_robot_py) by extension 'ros'
[0.926s] DEBUG:colcon.colcon_core.package_identification:Package '/home/ubuntu/ros2_ws/src/rpi_robot_py' with type 'ros.ament_python' and name 'rpi_robot_py'
[0.927s] Level 1:colcon.colcon_core.package_discovery:discover_packages(recursive) using defaults
[0.952s] Level 5:colcon.colcon_core.verb:set package 'rpi_robot_py' build argument 'cmake_args' from command line to 'None'
[0.952s] Level 5:colcon.colcon_core.verb:set package 'rpi_robot_py' build argument 'cmake_target' from command line to 'None'
[0.952s] Level 5:colcon.colcon_core.verb:set package 'rpi_robot_py' build argument 'cmake_target_skip_unavailable' from command line to 'False'
[0.952s] Level 5:colcon.colcon_core.verb:set package 'rpi_robot_py' build argument 'cmake_clean_cache' from command line to 'False'
[0.953s] Level 5:colcon.colcon_core.verb:set package 'rpi_robot_py' build argument 'cmake_clean_first' from command line to 'False'
[0.953s] Level 5:colcon.colcon_core.verb:set package 'rpi_robot_py' build argument 'cmake_force_configure' from command line to 'False'
[0.953s] Level 5:colcon.colcon_core.verb:set package 'rpi_robot_py' build argument 'ament_cmake_args' from command line to 'None'
[0.953s] Level 5:colcon.colcon_core.verb:set package 'rpi_robot_py' build argument 'catkin_cmake_args' from command line to 'None'
[0.953s] Level 5:colcon.colcon_core.verb:set package 'rpi_robot_py' build argument 'catkin_skip_building_tests' from command line to 'False'
[0.953s] DEBUG:colcon.colcon_core.verb:Building package 'rpi_robot_py' with the following arguments: {'ament_cmake_args': None, 'build_base': '/home/ubuntu/ros2_ws/src/build/rpi_robot_py', 'catkin_cmake_args': None, 'catkin_skip_building_tests': False, 'cmake_args': None, 'cmake_clean_cache': False, 'cmake_clean_first': False, 'cmake_force_configure': False, 'cmake_target': None, 'cmake_target_skip_unavailable': False, 'install_base': '/home/ubuntu/ros2_ws/src/install/rpi_robot_py', 'merge_install': False, 'path': '/home/ubuntu/ros2_ws/src/rpi_robot_py', 'symlink_install': True, 'test_result_base': None}
[0.960s] INFO:colcon.colcon_core.executor:Executing jobs using 'parallel' executor
[0.962s] DEBUG:colcon.colcon_parallel_executor.executor.parallel:run_until_complete
[0.963s] INFO:colcon.colcon_ros.task.ament_python.build:Building ROS package in '/home/ubuntu/ros2_ws/src/rpi_robot_py' with build type 'ament_python'
[0.964s] Level 1:colcon.colcon_core.shell:create_environment_hook('rpi_robot_py', 'ament_prefix_path')
[0.979s] INFO:colcon.colcon_core.plugin_system:Skipping extension 'colcon_core.shell.bat': Not used on non-Windows systems
[0.980s] INFO:colcon.colcon_core.shell:Creating environment hook '/home/ubuntu/ros2_ws/src/install/rpi_robot_py/share/rpi_robot_py/hook/ament_prefix_path.ps1'
[0.983s] INFO:colcon.colcon_core.shell:Creating environment descriptor '/home/ubuntu/ros2_ws/src/install/rpi_robot_py/share/rpi_robot_py/hook/ament_prefix_path.dsv'
[0.985s] INFO:colcon.colcon_core.shell:Creating environment hook '/home/ubuntu/ros2_ws/src/install/rpi_robot_py/share/rpi_robot_py/hook/ament_prefix_path.sh'
[0.991s] INFO:colcon.colcon_core.shell:Skip shell extension 'powershell' for command environment: Not usable outside of PowerShell
[0.991s] DEBUG:colcon.colcon_core.shell:Skip shell extension 'dsv' for command environment
[1.003s] DEBUG:colcon.colcon_core.shell:Ignoring prefix path '/opt/ros/dashing'
[2.089s] INFO:colcon.colcon_core.task.python.build:Building Python package in '/home/ubuntu/ros2_ws/src/rpi_robot_py'
[2.092s] INFO:colcon.colcon_core.shell:Skip shell extension 'powershell' for command environment: Not usable outside of PowerShell
[2.093s] DEBUG:colcon.colcon_core.shell:Skip shell extension 'dsv' for command environment
[2.101s] DEBUG:colcon.colcon_core.shell:Ignoring prefix path '/opt/ros/dashing'
[3.193s] DEBUG:colcon.colcon_core.event_handler.log_command:Invoking command in '/home/ubuntu/ros2_ws/src/build/rpi_robot_py': PYTHONPATH=/home/ubuntu/ros2_ws/src/install/rpi_robot_py/lib/python3.6/site-packages:${PYTHONPATH} /usr/bin/python3 setup.py develop --prefix /home/ubuntu/ros2_ws/src/install/rpi_robot_py --editable --build-directory /home/ubuntu/ros2_ws/src/build/rpi_robot_py/build --no-deps install_data --install-dir /home/ubuntu/ros2_ws/src/install/rpi_robot_py
[4.816s] Level 1:colcon.colcon_core.shell:create_environment_hook('rpi_robot_py', 'pythonpath_develop')
[4.820s] INFO:colcon.colcon_core.shell:Creating environment hook '/home/ubuntu/ros2_ws/src/build/rpi_robot_py/share/rpi_robot_py/hook/pythonpath_develop.ps1'
[4.821s] DEBUG:colcon.colcon_core.event_handler.log_command:Invoked command in '/home/ubuntu/ros2_ws/src/build/rpi_robot_py' returned '0': PYTHONPATH=/home/ubuntu/ros2_ws/src/install/rpi_robot_py/lib/python3.6/site-packages:${PYTHONPATH} /usr/bin/python3 setup.py develop --prefix /home/ubuntu/ros2_ws/src/install/rpi_robot_py --editable --build-directory /home/ubuntu/ros2_ws/src/build/rpi_robot_py/build --no-deps install_data --install-dir /home/ubuntu/ros2_ws/src/install/rpi_robot_py
[4.823s] INFO:colcon.colcon_core.shell:Creating environment descriptor '/home/ubuntu/ros2_ws/src/build/rpi_robot_py/share/rpi_robot_py/hook/pythonpath_develop.dsv'
[4.825s] INFO:colcon.colcon_core.shell:Creating environment hook '/home/ubuntu/ros2_ws/src/build/rpi_robot_py/share/rpi_robot_py/hook/pythonpath_develop.sh'
[4.839s] Level 1:colcon.colcon_core.environment:checking '/home/ubuntu/ros2_ws/src/install/rpi_robot_py' for CMake module files
[4.841s] Level 1:colcon.colcon_core.environment:checking '/home/ubuntu/ros2_ws/src/install/rpi_robot_py' for CMake config files
[4.846s] Level 1:colcon.colcon_core.environment:checking '/home/ubuntu/ros2_ws/src/install/rpi_robot_py/lib'
[4.847s] Level 1:colcon.colcon_core.environment:checking '/home/ubuntu/ros2_ws/src/install/rpi_robot_py/bin'
[4.847s] Level 1:colcon.colcon_core.environment:checking '/home/ubuntu/ros2_ws/src/install/rpi_robot_py/lib/pkgconfig/rpi_robot_py.pc'
[4.847s] Level 1:colcon.colcon_core.environment:checking '/home/ubuntu/ros2_ws/src/install/rpi_robot_py/lib/python3.6/site-packages'
[4.848s] Level 1:colcon.colcon_core.shell:create_environment_hook('rpi_robot_py', 'pythonpath')
[4.850s] INFO:colcon.colcon_core.shell:Creating environment hook '/home/ubuntu/ros2_ws/src/install/rpi_robot_py/share/rpi_robot_py/hook/pythonpath.ps1'
[4.852s] INFO:colcon.colcon_core.shell:Creating environment descriptor '/home/ubuntu/ros2_ws/src/install/rpi_robot_py/share/rpi_robot_py/hook/pythonpath.dsv'
[4.853s] INFO:colcon.colcon_core.shell:Creating environment hook '/home/ubuntu/ros2_ws/src/install/rpi_robot_py/share/rpi_robot_py/hook/pythonpath.sh'
[4.854s] Level 1:colcon.colcon_core.environment:create_environment_scripts_only(rpi_robot_py)
[4.858s] INFO:colcon.colcon_core.shell:Creating package script '/home/ubuntu/ros2_ws/src/install/rpi_robot_py/share/rpi_robot_py/package.ps1'
[4.862s] INFO:colcon.colcon_core.shell:Creating package descriptor '/home/ubuntu/ros2_ws/src/install/rpi_robot_py/share/rpi_robot_py/package.dsv'
[4.865s] INFO:colcon.colcon_core.shell:Creating package script '/home/ubuntu/ros2_ws/src/install/rpi_robot_py/share/rpi_robot_py/package.sh'
[4.869s] INFO:colcon.colcon_core.shell:Creating package script '/home/ubuntu/ros2_ws/src/install/rpi_robot_py/share/rpi_robot_py/package.bash'
[4.874s] INFO:colcon.colcon_core.shell:Creating package script '/home/ubuntu/ros2_ws/src/install/rpi_robot_py/share/rpi_robot_py/package.zsh'
[4.877s] Level 1:colcon.colcon_core.environment:create_file_with_runtime_dependencies(/home/ubuntu/ros2_ws/src/install/rpi_robot_py/share/colcon-core/packages/rpi_robot_py)
[4.878s] DEBUG:colcon.colcon_parallel_executor.executor.parallel:closing loop
[4.880s] DEBUG:colcon.colcon_parallel_executor.executor.parallel:loop closed
[4.880s] DEBUG:colcon.colcon_parallel_executor.executor.parallel:run_until_complete finished with '0'
[4.881s] DEBUG:colcon.colcon_core.event_reactor:joining thread
[4.908s] INFO:colcon.colcon_core.plugin_system:Skipping extension 'colcon_notification.desktop_notification.notify_send': Could not find 'notify-send'
[4.908s] INFO:colcon.colcon_core.plugin_system:Skipping extension 'colcon_notification.desktop_notification.terminal_notifier': Not used on non-Darwin systems
[4.909s] INFO:colcon.colcon_core.plugin_system:Skipping extension 'colcon_notification.desktop_notification.win32': Not used on non-Windows systems
[4.909s] INFO:colcon.colcon_notification.desktop_notification:Sending desktop notification using 'notify2'
[4.909s] DEBUG:colcon.colcon_notification.desktop_notification.notify2:Failed to initialize notify2: org.freedesktop.DBus.Error.NotSupported: Unable to autolaunch a dbus-daemon without a $DISPLAY for X11
[4.910s] DEBUG:colcon.colcon_core.event_reactor:joined thread
[4.912s] INFO:colcon.colcon_core.shell:Creating prefix script '/home/ubuntu/ros2_ws/src/install/local_setup.ps1'
[4.917s] INFO:colcon.colcon_core.shell:Creating prefix util module '/home/ubuntu/ros2_ws/src/install/_local_setup_util_ps1.py'
[4.924s] INFO:colcon.colcon_core.shell:Creating prefix chain script '/home/ubuntu/ros2_ws/src/install/setup.ps1'
[4.972s] INFO:colcon.colcon_core.shell:Creating prefix script '/home/ubuntu/ros2_ws/src/install/local_setup.sh'
[4.974s] INFO:colcon.colcon_core.shell:Creating prefix util module '/home/ubuntu/ros2_ws/src/install/_local_setup_util_sh.py'
[4.976s] INFO:colcon.colcon_core.shell:Creating prefix chain script '/home/ubuntu/ros2_ws/src/install/setup.sh'
[4.987s] INFO:colcon.colcon_core.shell:Creating prefix script '/home/ubuntu/ros2_ws/src/install/local_setup.bash'
[4.989s] INFO:colcon.colcon_core.shell:Creating prefix chain script '/home/ubuntu/ros2_ws/src/install/setup.bash'
[5.000s] INFO:colcon.colcon_core.shell:Creating prefix script '/home/ubuntu/ros2_ws/src/install/local_setup.zsh'
[5.003s] INFO:colcon.colcon_core.shell:Creating prefix chain script '/home/ubuntu/ros2_ws/src/install/setup.zsh'
